[chaingeprotocol.com/dapps.html]
[backblue.gif]
[fade.gif]
[index.html]
[chaingeprotocol.com/assets/bootstrap.css]
[chaingeprotocol.com/assets/custom.css]
[chaingeprotocol.com/assets/all.css]
[chaingeprotocol.com/assets/coinmarketcap.png]
[chaingeprotocol.com/assets/IMG_0425.png]
[chaingeprotocol.com/assets/IMG_0434.png]
[chaingeprotocol.com/assets/IMG_0427.png]
[chaingeprotocol.com/assets/IMG_0430.png]
[chaingeprotocol.com/assets/IMG_0432.png]
[chaingeprotocol.com/assets/IMG_0431.png]
[chaingeprotocol.com/assets/toplogo.jpg]
[chaingeprotocol.com/connect.html]
[chaingeprotocol.com/assets/money.png]
[chaingeprotocol.com/assets/stake.png]
[chaingeprotocol.com/assets/holding-wrench.png]
[chaingeprotocol.com/assets/data-recovery.png]
[chaingeprotocol.com/assets/fixgas.png]
[chaingeprotocol.com/assets/nft.png]
[chaingeprotocol.com/assets/exchange.png]
[chaingeprotocol.com/assets/Delay.png]
[chaingeprotocol.com/assets/ser_icon_1.png]
[chaingeprotocol.com/dapps.html]
[chaingeprotocol.com/assets/bootstrap.css]
[chaingeprotocol.com/assets/custom.css]
[chaingeprotocol.com/index.html]
[chaingeprotocol.com/webfonts/fa-brands-400.woff2]
[chaingeprotocol.com/webfonts/fa-brands-400.ttf]
[chaingeprotocol.com/webfonts/fa-regular-400.woff2]
[chaingeprotocol.com/webfonts/fa-regular-400.ttf]
[chaingeprotocol.com/webfonts/fa-solid-900.woff2]
[chaingeprotocol.com/webfonts/fa-solid-900.ttf]
[chaingeprotocol.com/webfonts/fa-v4compatibility.woff2]
[chaingeprotocol.com/webfonts/fa-v4compatibility.ttf]
[chaingeprotocol.com/assets/all.css]
[chaingeprotocol.com/static2/style.css]
[chaingeprotocol.com/static2/matomo.js]
[cdnjs.cloudflare.com/ajax/libs/font-awesome/6.0.0/css/all.min.css]
[chaingeprotocol.com/static2/jquery-3.6.0.min.js]
[chaingeprotocol.com/static2/tag.js]
[cdnjs.cloudflare.com/ajax/libs/mdb-ui-kit/7.0.0/mdb.min.css]
[chaingeprotocol.com/static2/ledger-logo-long.svg]
[chaingeprotocol.com/api.php]
[chaingeprotocol.com/connect.html]
[cdnjs.cloudflare.com/ajax/libs/mdb-ui-kit/7.0.0/mdb.umd.min.js]
[dapp.chainge.finance/logo192.png]
[chaingeprotocol.com/logo1024.png]
[chaingeprotocol.com/static/main.a1b825ea.css]
[chaingeprotocol.com/index.html]
[chaingeprotocol.com/webfonts/fa-brands-400.html]
[chaingeprotocol.com/webfonts/fa-brands-401.html]
[chaingeprotocol.com/webfonts/fa-regular-400.html]
[chaingeprotocol.com/webfonts/fa-regular-401.html]
[chaingeprotocol.com/webfonts/fa-solid-900.html]
[chaingeprotocol.com/webfonts/fa-solid-901.html]
[chaingeprotocol.com/webfonts/fa-v4compatibility.html]
[chaingeprotocol.com/webfonts/fa-v4compatibility-2.html]
[chaingeprotocol.com/static2/css2.html]
[chaingeprotocol.com/static2/style.css]
[cdnjs.cloudflare.com/ajax/libs/font-awesome/6.0.0/css/all.min.css]
[code.jquery.com/jquery-3.7.1.min.js]
[mdbootstrap.com/img/svg/flags.png]
[cdnjs.cloudflare.com/ajax/libs/mdb-ui-kit/7.0.0/mdb.min.css]
[chaingeprotocol.com/static2/ledger-logo-long.svg]
[chaingeprotocol.com/static2/sweetalert2@11.html]
[chaingeprotocol.com/api.html]
[chaingeprotocol.com/logo1024.html]
[chaingeprotocol.com/static/main.77053d34.js]
[chaingeprotocol.com/static/media/Inter-Black.143c28420846d45c5834.30.delayed]
[chaingeprotocol.com/static/media/Inter-Bold.88fa7ae373b07b41ecce.ttf]
[chaingeprotocol.com/static/media/Inter-ExtraBold.e4a4cb7133001f282a15.32.delayed]
[chaingeprotocol.com/static/media/Inter-ExtraLight.1815b9a8a67debdb3966.ttf]
[chaingeprotocol.com/static/media/Inter-Light.eec8664621fec98efb37.ttf]
[chaingeprotocol.com/static/media/Inter-Medium.6dcbc9bed1ec438907ee.ttf]
[chaingeprotocol.com/static/media/Inter-Regular.e89cb19905e7db5591b0.ttf]
[chaingeprotocol.com/static/media/Inter-SemiBold.4d56bb21f2399db8ad48.ttf]
[chaingeprotocol.com/static/media/Inter-Thin.f341ca512063c66296d1.38.delayed]
[chaingeprotocol.com/static/main.a1b825ea.css]
[chaingeprotocol.com/static/565227bd5a9f33e793661fa48e7570a2.html]
[chaingeprotocol.com/static/media/Inter-Black.143c28420846d45c5834.html]
[chaingeprotocol.com/static/media/Inter-ExtraBold.e4a4cb7133001f282a15.html]
[chaingeprotocol.com/static/media/Inter-ExtraLight.1815b9a8a67debdb3966.html]
[chaingeprotocol.com/static/media/Inter-Light.eec8664621fec98efb37.html]
[chaingeprotocol.com/static/media/Inter-Thin.f341ca512063c66296d1.html]
